[    5835ms] [ERROR] Failed to load resource: the server responded with a status of 500 (Internal Server Error) @ http://localhost:3001/ar/blog/%D8%A7%D9%84%D8%B3%D9%8A%D8%A7%D8%AD%D8%A9-%D8%A7%D9%84%D8%B9%D9%84%D8%A7%D8%AC%D9%8A%D8%A9/%D9%85%D8%A7-%D9%87%D9%8A-%D8%A8%D8%A7%D9%82%D8%A7%D8%AA-%D8%A7%D9%84%D8%B3%D9%81%D8%B1-%D8%A7%D9%84%D8%B9%D9%84%D8%A7%D8%AC%D9%8A-%D8%A7%D9%84%D8%B4%D8%A7%D9%85%D9%84%D8%A9:0
[    6385ms] [INFO] %cDownload the React DevTools for a better development experience: https://react.dev/link/react-devtools font-weight:bold @ webpack-internal:///(app-pages-browser)/./node_modules/next/dist/compiled/react-dom/cjs/react-dom-client.development.js:25630
[    6721ms] [INFO] [Supabase] Using project: https://cmnwwchipysvwvijqjcu.supabase.co @ webpack-internal:///(app-pages-browser)/./src/integrations/supabase/client.ts:13
[    8072ms] [WARNING] Image with src "http://localhost:3001/carentour-logo-dark.png" has either width or height modified, but not the other. If you use CSS to change the size of your image, also include the styles 'width: "auto"' or 'height: "auto"' to maintain the aspect ratio. @ webpack-internal:///(app-pages-browser)/./node_modules/next/dist/shared/lib/utils/warn-once.js:15
[   78534ms] [LOG] [Fast Refresh] rebuilding @ webpack-internal:///(app-pages-browser)/./node_modules/next/dist/client/dev/hot-reloader/app/hot-reloader-app.js:196
[   82018ms] [ERROR] Failed to load resource: the server responded with a status of 404 (Not Found) @ http://localhost:3001/_next/static/webpack/4efbf16d1bf64fed.webpack.hot-update.json:0
[   86538ms] [ERROR] Failed to load resource: the server responded with a status of 500 (Internal Server Error) @ http://localhost:3001/ar/blog/%D8%A7%D9%84%D8%B3%D9%8A%D8%A7%D8%AD%D8%A9-%D8%A7%D9%84%D8%B9%D9%84%D8%A7%D8%AC%D9%8A%D8%A9/%D9%85%D8%A7-%D9%87%D9%8A-%D8%A8%D8%A7%D9%82%D8%A7%D8%AA-%D8%A7%D9%84%D8%B3%D9%81%D8%B1-%D8%A7%D9%84%D8%B9%D9%84%D8%A7%D8%AC%D9%8A-%D8%A7%D9%84%D8%B4%D8%A7%D9%85%D9%84%D8%A9:0
[   86678ms] [INFO] %cDownload the React DevTools for a better development experience: https://react.dev/link/react-devtools font-weight:bold @ webpack-internal:///(app-pages-browser)/./node_modules/next/dist/compiled/react-dom/cjs/react-dom-client.development.js:25630
[   87173ms] [INFO] [Supabase] Using project: https://cmnwwchipysvwvijqjcu.supabase.co @ webpack-internal:///(app-pages-browser)/./src/integrations/supabase/client.ts:13
[   89713ms] [WARNING] Image with src "http://localhost:3001/carentour-logo-dark.png" has either width or height modified, but not the other. If you use CSS to change the size of your image, also include the styles 'width: "auto"' or 'height: "auto"' to maintain the aspect ratio. @ webpack-internal:///(app-pages-browser)/./node_modules/next/dist/shared/lib/utils/warn-once.js:15
[   93212ms] [LOG] [Fast Refresh] rebuilding @ webpack-internal:///(app-pages-browser)/./node_modules/next/dist/client/dev/hot-reloader/app/hot-reloader-app.js:196
[   94402ms] [ERROR] Failed to load resource: the server responded with a status of 404 (Not Found) @ http://localhost:3001/_next/static/webpack/84eb36669c0ac561.webpack.hot-update.json:0
[   95457ms] [ERROR] Failed to load resource: the server responded with a status of 404 (Not Found) @ http://localhost:3001/api/navigation/public?locale=ar:0
[   99411ms] [ERROR] Failed to load resource: the server responded with a status of 500 (Internal Server Error) @ http://localhost:3001/ar/blog/%D8%A7%D9%84%D8%B3%D9%8A%D8%A7%D8%AD%D8%A9-%D8%A7%D9%84%D8%B9%D9%84%D8%A7%D8%AC%D9%8A%D8%A9/%D9%85%D8%A7-%D9%87%D9%8A-%D8%A8%D8%A7%D9%82%D8%A7%D8%AA-%D8%A7%D9%84%D8%B3%D9%81%D8%B1-%D8%A7%D9%84%D8%B9%D9%84%D8%A7%D8%AC%D9%8A-%D8%A7%D9%84%D8%B4%D8%A7%D9%85%D9%84%D8%A9:0
[   99647ms] [INFO] %cDownload the React DevTools for a better development experience: https://react.dev/link/react-devtools font-weight:bold @ webpack-internal:///(app-pages-browser)/./node_modules/next/dist/compiled/react-dom/cjs/react-dom-client.development.js:25630
[   99753ms] [INFO] [Supabase] Using project: https://cmnwwchipysvwvijqjcu.supabase.co @ webpack-internal:///(app-pages-browser)/./src/integrations/supabase/client.ts:13
[  100176ms] [WARNING] Image with src "http://localhost:3001/carentour-logo-dark.png" has either width or height modified, but not the other. If you use CSS to change the size of your image, also include the styles 'width: "auto"' or 'height: "auto"' to maintain the aspect ratio. @ webpack-internal:///(app-pages-browser)/./node_modules/next/dist/shared/lib/utils/warn-once.js:15
[  102236ms] [LOG] [Fast Refresh] rebuilding @ webpack-internal:///(app-pages-browser)/./node_modules/next/dist/client/dev/hot-reloader/app/hot-reloader-app.js:196
[  102790ms] [LOG] [Fast Refresh] done in 554ms @ webpack-internal:///(app-pages-browser)/./node_modules/next/dist/client/dev/report-hmr-latency.js:13
[  108106ms] [LOG] [Fast Refresh] rebuilding @ webpack-internal:///(app-pages-browser)/./node_modules/next/dist/client/dev/hot-reloader/app/hot-reloader-app.js:196
[  108696ms] [LOG] [Fast Refresh] done in 590ms @ webpack-internal:///(app-pages-browser)/./node_modules/next/dist/client/dev/report-hmr-latency.js:13
[  117131ms] [LOG] [Fast Refresh] rebuilding @ webpack-internal:///(app-pages-browser)/./node_modules/next/dist/client/dev/hot-reloader/app/hot-reloader-app.js:196
[  118669ms] [LOG] [Fast Refresh] done in 1537ms @ webpack-internal:///(app-pages-browser)/./node_modules/next/dist/client/dev/report-hmr-latency.js:13
[  119015ms] [LOG] [Fast Refresh] rebuilding @ webpack-internal:///(app-pages-browser)/./node_modules/next/dist/client/dev/hot-reloader/app/hot-reloader-app.js:196
[  120666ms] [LOG] [Fast Refresh] done in 1652ms @ webpack-internal:///(app-pages-browser)/./node_modules/next/dist/client/dev/report-hmr-latency.js:13
[  122015ms] [ERROR] Failed to load resource: the server responded with a status of 500 (Internal Server Error) @ http://localhost:3001/ar/blog/%D8%A7%D9%84%D8%B3%D9%8A%D8%A7%D8%AD%D8%A9-%D8%A7%D9%84%D8%B9%D9%84%D8%A7%D8%AC%D9%8A%D8%A9/%D9%85%D8%A7-%D9%87%D9%8A-%D8%A8%D8%A7%D9%82%D8%A7%D8%AA-%D8%A7%D9%84%D8%B3%D9%81%D8%B1-%D8%A7%D9%84%D8%B9%D9%84%D8%A7%D8%AC%D9%8A-%D8%A7%D9%84%D8%B4%D8%A7%D9%85%D9%84%D8%A9?_rsc=1w6ek:0
[  127257ms] [ERROR] Failed to load resource: the server responded with a status of 500 (Internal Server Error) @ http://localhost:3001/ar/blog/%D8%A7%D9%84%D8%B3%D9%8A%D8%A7%D8%AD%D8%A9-%D8%A7%D9%84%D8%B9%D9%84%D8%A7%D8%AC%D9%8A%D8%A9/%D9%85%D8%A7-%D9%87%D9%8A-%D8%A8%D8%A7%D9%82%D8%A7%D8%AA-%D8%A7%D9%84%D8%B3%D9%81%D8%B1-%D8%A7%D9%84%D8%B9%D9%84%D8%A7%D8%AC%D9%8A-%D8%A7%D9%84%D8%B4%D8%A7%D9%85%D9%84%D8%A9:0
[  127448ms] [INFO] %cDownload the React DevTools for a better development experience: https://react.dev/link/react-devtools font-weight:bold @ webpack-internal:///(app-pages-browser)/./node_modules/next/dist/compiled/react-dom/cjs/react-dom-client.development.js:25630
[  127572ms] [INFO] [Supabase] Using project: https://cmnwwchipysvwvijqjcu.supabase.co @ webpack-internal:///(app-pages-browser)/./src/integrations/supabase/client.ts:13
[  127982ms] [WARNING] Image with src "http://localhost:3001/carentour-logo-dark.png" has either width or height modified, but not the other. If you use CSS to change the size of your image, also include the styles 'width: "auto"' or 'height: "auto"' to maintain the aspect ratio. @ webpack-internal:///(app-pages-browser)/./node_modules/next/dist/shared/lib/utils/warn-once.js:15
